Build started 10/02/2015 23:00:04.
     1>Project "C:\Users\Rozilda\Documents\cin\pg\pg-projeto-2-base\Projeto Base PG - OpenGL.vcxproj" on node 2 (Build target(s)).
     1>C:\Program Files\MSBuild\Microsoft.Cpp\v4.0\V120\Microsoft.CppBuild.targets(363,5): warning MSB8004: Intermediate Directory does not end with a trailing slash.  This build instance will add the slash as it is required to allow proper evaluation of the Intermediate Directory.
     1>C:\Program Files\MSBuild\Microsoft.Cpp\v4.0\V120\Microsoft.CppBuild.targets(364,5): warning MSB8004: Output Directory does not end with a trailing slash.  This build instance will add the slash as it is required to allow proper evaluation of the Output Directory.
     1>ClCompile:
         C:\Program Files\Microsoft Visual Studio 12.0\VC\bin\CL.exe /c /I"C:\Users\Rozilda\Documents\cin\pg\pg-projeto-2-base\Dependencies\OpenGL\Include\\" /I"C:\Users\Rozilda\Documents\cin\pg\pg-projeto-2-base\Dependencies\OpenCV\include" /Zi /nologo /W3 /WX- /O2 /Oi /Oy- /GL /D _MBCS /Gm- /EHsc /MD /GS /Gy /fp:precise /Zc:wchar_t /Zc:forScope /Fo"C:\Users\Rozilda\Documents\cin\pg\pg-projeto-2-base\Intermediary\Release\\" /Fd"C:\Users\Rozilda\Documents\cin\pg\pg-projeto-2-base\Intermediary\Release\vc120.pdb" /Gd /TP /analyze- /errorReport:prompt Code\Defs.cpp Code\Main.cpp Code\Point.cpp Code\util.cpp
         Defs.cpp
         Main.cpp
     1>Code\Main.cpp(404): warning C4554: '&' : check operator precedence for possible error; use parentheses to clarify precedence
     1>Code\Main.cpp(406): warning C4554: '&' : check operator precedence for possible error; use parentheses to clarify precedence
     1>Code\Main.cpp(408): warning C4554: '&' : check operator precedence for possible error; use parentheses to clarify precedence
     1>Code\Main.cpp(410): warning C4554: '&' : check operator precedence for possible error; use parentheses to clarify precedence
     1>Code\Main.cpp(412): warning C4554: '&' : check operator precedence for possible error; use parentheses to clarify precedence
     1>Code\Main.cpp(414): warning C4554: '&' : check operator precedence for possible error; use parentheses to clarify precedence
     1>Code\Main.cpp(416): warning C4554: '&' : check operator precedence for possible error; use parentheses to clarify precedence
     1>Code\Main.cpp(418): warning C4554: '&' : check operator precedence for possible error; use parentheses to clarify precedence
     1>Code\Main.cpp(420): warning C4554: '&' : check operator precedence for possible error; use parentheses to clarify precedence
     1>Code\Main.cpp(422): warning C4554: '&' : check operator precedence for possible error; use parentheses to clarify precedence
     1>Code\Main.cpp(424): warning C4554: '&' : check operator precedence for possible error; use parentheses to clarify precedence
     1>Code\Main.cpp(426): warning C4554: '&' : check operator precedence for possible error; use parentheses to clarify precedence
         Point.cpp
         util.cpp
     1>Code\util.cpp(6): warning C4018: '<' : signed/unsigned mismatch
     1>Code\util.cpp(11): warning C4018: '<' : signed/unsigned mismatch
     1>Code\util.cpp(12): warning C4018: '<' : signed/unsigned mismatch
     1>Code\util.cpp(20): warning C4018: '<' : signed/unsigned mismatch
     1>Code\util.cpp(21): warning C4018: '<' : signed/unsigned mismatch
     1>Code\util.cpp(31): warning C4018: '<' : signed/unsigned mismatch
     1>Code\util.cpp(38): warning C4018: '<' : signed/unsigned mismatch
     1>Code\util.cpp(46): warning C4018: '<' : signed/unsigned mismatch
     1>Code\util.cpp(67): warning C4018: '<' : signed/unsigned mismatch
     1>Code\util.cpp(68): warning C4018: '<' : signed/unsigned mismatch
     1>Code\util.cpp(75): warning C4018: '<' : signed/unsigned mismatch
     1>Code\util.cpp(82): warning C4018: '<' : signed/unsigned mismatch
       Link:
         C:\Program Files\Microsoft Visual Studio 12.0\VC\bin\link.exe /ERRORREPORT:PROMPT /OUT:"C:\Users\Rozilda\Documents\cin\pg\pg-projeto-2-base\Output\Release\Projeto 2  - Resp.exe" /NOLOGO /LIBPATH:"C:\Users\Rozilda\Documents\cin\pg\pg-projeto-2-base\Dependencies\OpenCV\x86\vc12\lib" /LIBPATH:"C:\Users\Rozilda\Documents\cin\pg\pg-projeto-2-base\Dependencies\OpenGL\Lib\\" opencv_calib3d2410.lib opencv_contrib2410.lib opencv_core2410.lib opencv_features2d2410.lib opencv_flann2410.lib opencv_gpu2410.lib opencv_highgui2410.lib opencv_imgproc2410.lib opencv_legacy2410.lib opencv_ml2410.lib opencv_nonfree2410.lib opencv_objdetect2410.lib opencv_ocl2410.lib opencv_photo2410.lib opencv_stitching2410.lib opencv_superres2410.lib opencv_ts2410.lib opencv_video2410.lib opencv_videostab2410.lib kernel32.lib user32.lib gdi32.lib winspool.lib comdlg32.lib advapi32.lib shell32.lib ole32.lib oleaut32.lib uuid.lib odbc32.lib odbccp32.lib /MANIFEST /MANIFESTUAC:"level='asInvoker' uiAccess='false'" /manifest:embed /DEBUG /PDB:"C:\Users\Rozilda\Documents\cin\pg\pg-projeto-2-base\Output\Release\Projeto 2  - Resp.pdb" /OPT:REF /OPT:ICF /LTCG /TLBID:1 /DYNAMICBASE /NXCOMPAT /IMPLIB:"C:\Users\Rozilda\Documents\cin\pg\pg-projeto-2-base\Output\Release\Projeto 2  - Resp.lib" /MACHINE:X86 /SAFESEH "C:\Users\Rozilda\Documents\cin\pg\pg-projeto-2-base\Intermediary\Release\Defs.obj"
         "C:\Users\Rozilda\Documents\cin\pg\pg-projeto-2-base\Intermediary\Release\Main.obj"
         "C:\Users\Rozilda\Documents\cin\pg\pg-projeto-2-base\Intermediary\Release\Point.obj"
         "C:\Users\Rozilda\Documents\cin\pg\pg-projeto-2-base\Intermediary\Release\util.obj"
         Generating code
         Finished generating code
         Projeto Base PG - OpenGL.vcxproj -> C:\Users\Rozilda\Documents\cin\pg\pg-projeto-2-base\Output\Release\Projeto 2  - Resp.exe
     1>Done Building Project "C:\Users\Rozilda\Documents\cin\pg\pg-projeto-2-base\Projeto Base PG - OpenGL.vcxproj" (Build target(s)).

Build succeeded.

Time Elapsed 00:00:08.86
